<?xml version="1.0" encoding="UTF-8"?>
<testng-results ignored="0" total="1" passed="1" failed="0" skipped="0">
  <reporter-output>
  </reporter-output>
  <suite started-at="2021-06-21T14:58:15 IST" name="Default suite" finished-at="2021-06-21T14:58:17 IST" duration-ms="1957">
    <groups>
    </groups>
    <test started-at="2021-06-21T14:58:15 IST" name="Default test" finished-at="2021-06-21T14:58:17 IST" duration-ms="1957">
      <class name="Day_028_WebTable_Examples.ExportEmployees">
        <test-method signature="ExportAllEmployees()[pri:0, instance:Day_028_WebTable_Examples.ExportEmployees@7c24b813]" started-at="2021-06-21T14:58:15 IST" name="ExportAllEmployees" finished-at="2021-06-21T14:58:17 IST" duration-ms="1921" status="PASS">
          <reporter-output>
          </reporter-output>
        </test-method> <!-- ExportAllEmployees -->
      </class> <!-- Day_028_WebTable_Examples.ExportEmployees -->
    </test> <!-- Default test -->
  </suite> <!-- Default suite -->
</testng-results>
